"../../../Engine/Content/Functions/Engine_MaterialFunctions02/Math/TimeWithSpeedVariable.uasset" 0
"../../../Engine/Content/Functions/Engine_MaterialFunctions02/Utility/MakeFloat2.uasset" 1
"../../../../../../Users/El fideo rubio/Documents/Unreal Projects/ThePassage/Content/Art/Characters/textures/heightmap.uasset" 2
"../../../../../../Users/El fideo rubio/Documents/Unreal Projects/ThePassage/Content/Art/Characters/ring.uasset" 3
"../../../../../../Users/El fideo rubio/Documents/Unreal Projects/ThePassage/Content/Art/Characters/test.uasset" 4
"../../../../../../Users/El fideo rubio/Documents/Unreal Projects/ThePassage/Content/Art/Characters/lambert1.uasset" 5
"../../../../../../Users/El fideo rubio/Documents/Unreal Projects/ThePassage/Content/Art/Characters/WATERPLANE_pPlane2.uasset" 6
"../../../../../../Users/El fideo rubio/Documents/Unreal Projects/ThePassage/Content/Art/Characters/characterAnims/defaultMat1.uasset" 7
"../../../../../../Users/El fideo rubio/Documents/Unreal Projects/ThePassage/Content/Art/Characters/characterAnims/lambert1.uasset" 8
"../../../../../../Users/El fideo rubio/Documents/Unreal Projects/ThePassage/Content/Art/Characters/characterAnims/lambert2.uasset" 9
"../../../../../../Users/El fideo rubio/Documents/Unreal Projects/ThePassage/Content/Art/Characters/CharacterTest/test_ao.uasset" 10
"../../../../../../Users/El fideo rubio/Documents/Unreal Projects/ThePassage/Content/Art/Characters/CharacterTest/test_BaseColor.uasset" 11
"../../../../../../Users/El fideo rubio/Documents/Unreal Projects/ThePassage/Content/Art/Characters/CharacterTest/test_Metalness.uasset" 12
"../../../../../../Users/El fideo rubio/Documents/Unreal Projects/ThePassage/Content/Art/Characters/CharacterTest/test_Normal.uasset" 13
"../../../../../../Users/El fideo rubio/Documents/Unreal Projects/ThePassage/Content/Art/Characters/CharacterTest/test_Roughness.uasset" 14
"../../../../../../Users/El fideo rubio/Documents/Unreal Projects/ThePassage/Content/Art/Characters/CharacterTest/defaultMat.uasset" 15
"../../../../../../Users/El fideo rubio/Documents/Unreal Projects/ThePassage/Content/Art/Characters/characterAnims/left_PhysicsAsset.uasset" 16
"../../../../../../Users/El fideo rubio/Documents/Unreal Projects/ThePassage/Content/Art/Characters/characterAnims/left_Skeleton.uasset" 17
"../../../../../../Users/El fideo rubio/Documents/Unreal Projects/ThePassage/Content/Art/Characters/characterAnims/left.uasset" 18
"../../../../../../Users/El fideo rubio/Documents/Unreal Projects/ThePassage/Content/Art/Characters/characterAnims/left_Anim.uasset" 19
"../../../../../../Users/El fideo rubio/Documents/Unreal Projects/ThePassage/Content/Art/Characters/characterAnims/left_Anim1.uasset" 20
"../../../../../../Users/El fideo rubio/Documents/Unreal Projects/ThePassage/Content/Art/Characters/CharacterTest/test.uasset" 21
"../../../../../../Users/El fideo rubio/Documents/Unreal Projects/ThePassage/Content/Art/Characters/Enviroment/folliage.uasset" 22
"../../../../../../Users/El fideo rubio/Documents/Unreal Projects/ThePassage/Content/Art/Characters/Enviroment/folliage_alpha.uasset" 23
"../../../../../../Users/El fideo rubio/Documents/Unreal Projects/ThePassage/Content/Art/Characters/Enviroment/FolliageMat.uasset" 24
"../../../../../../Users/El fideo rubio/Documents/Unreal Projects/ThePassage/Content/Art/Characters/Enviroment/Folliage_5.uasset" 25
"../../../../../../Users/El fideo rubio/Documents/Unreal Projects/ThePassage/Content/Art/Characters/Enviroment/Folliage_6.uasset" 26
"../../../../../../Users/El fideo rubio/Documents/Unreal Projects/ThePassage/Content/Art/Characters/Enviroment/Lantern_1_ao.uasset" 27
"../../../../../../Users/El fideo rubio/Documents/Unreal Projects/ThePassage/Content/Art/Characters/Enviroment/Lantern_1_Metalness.uasset" 28
"../../../../../../Users/El fideo rubio/Documents/Unreal Projects/ThePassage/Content/Art/Characters/Enviroment/Lantern_1_Normal.uasset" 29
"../../../../../../Users/El fideo rubio/Documents/Unreal Projects/ThePassage/Content/Art/Characters/Enviroment/Lantern_1_Roughness.uasset" 30
"../../../../../../Users/El fideo rubio/Documents/Unreal Projects/ThePassage/Content/Art/Characters/NewAnimations/Left_Paddle_Skeleton.uasset" 31
"../../../../../../Users/El fideo rubio/Documents/Unreal Projects/ThePassage/Content/Audio/SFX/GeneralInteractionAtten.uasset" 32
"../../../../../../Users/El fideo rubio/Documents/Unreal Projects/ThePassage/Content/Audio/SFX/BoatSound/Row.uasset" 33
"../../../../../../Users/El fideo rubio/Documents/Unreal Projects/ThePassage/Content/Art/Characters/NewAnimations/Left_Paddle_Anim.uasset" 34
"../../../../../../Users/El fideo rubio/Documents/Unreal Projects/ThePassage/Content/Art/Characters/NewAnimations/straight_Paddle_Anim.uasset" 35
"../../../../../../Users/El fideo rubio/Documents/Unreal Projects/ThePassage/Content/Art/Characters/NewAnimations/NewBlendSpace.uasset" 36
"../../../../../../Users/El fideo rubio/Documents/Unreal Projects/ThePassage/Content/Art/Characters/textures/tester_ao.uasset" 37
"../../../../../../Users/El fideo rubio/Documents/Unreal Projects/ThePassage/Content/Art/Characters/textures/tester_BaseColor.uasset" 38
"../../../../../../Users/El fideo rubio/Documents/Unreal Projects/ThePassage/Content/Art/Characters/textures/tester_Metalness.uasset" 39
"../../../../../../Users/El fideo rubio/Documents/Unreal Projects/ThePassage/Content/Art/Characters/textures/tester_Roughness.uasset" 40
"../../../../../../Users/El fideo rubio/Documents/Unreal Projects/ThePassage/Content/Art/Characters/Materials/default.uasset" 41
"../../../../../../Users/El fideo rubio/Documents/Unreal Projects/ThePassage/Content/Art/Characters/NewAnimations/straight_Paddle_PhysicsAsset.uasset" 42
"../../../../../../Users/El fideo rubio/Documents/Unreal Projects/ThePassage/Content/Art/Characters/NewAnimations/straight_Paddle.uasset" 43
"../../../Engine/Content/Tutorial/SubEditors/TutorialAssets/Character/TutorialTPP_Mat.uasset" 44
"../../../Engine/Content/Tutorial/SubEditors/TutorialAssets/Character/TutorialTPP_PhysicsAsset.uasset" 45
"../../../Engine/Content/Tutorial/SubEditors/TutorialAssets/Character/TutorialTPP_Skeleton.uasset" 46
"../../../../../../Users/El fideo rubio/Documents/Unreal Projects/ThePassage/Content/Art/Characters/RefCharacter/REF_Character.uasset" 47
"../../../../../../Users/El fideo rubio/Documents/Unreal Projects/ThePassage/Content/Art/Characters/Spirits/NewMaterial2.uasset" 48
"../../../../../../Users/El fideo rubio/Documents/Unreal Projects/ThePassage/Content/Art/Characters/Spirits/NewMaterial_2.uasset" 49
"../../../../../../Users/El fideo rubio/Documents/Unreal Projects/ThePassage/Content/Art/Characters/Spirits/Sitting_PhysicsAsset.uasset" 50
"../../../../../../Users/El fideo rubio/Documents/Unreal Projects/ThePassage/Content/Art/Characters/Spirits/Treading_Water_Skeleton.uasset" 51
"../../../../../../Users/El fideo rubio/Documents/Unreal Projects/ThePassage/Content/Art/Characters/Spirits/Sitting.uasset" 52
"../../../../../../Users/El fideo rubio/Documents/Unreal Projects/ThePassage/Content/Art/Characters/Spirits/NewMaterial.uasset" 53
"../../../../../../Users/El fideo rubio/Documents/Unreal Projects/ThePassage/Content/Art/Characters/Spirits/spirit.uasset" 54
"../../../../../../Users/El fideo rubio/Documents/Unreal Projects/ThePassage/Content/Art/Characters/Spirits/Spirit_Sitting_Pose_PhysicsAsset.uasset" 55
"../../../../../../Users/El fideo rubio/Documents/Unreal Projects/ThePassage/Content/Art/Characters/Spirits/Spirit_Sitting_Pose.uasset" 56
"../../../../../../Users/El fideo rubio/Documents/Unreal Projects/ThePassage/Content/Art/Characters/textures/rock_low_ao.uasset" 57
"../../../../../../Users/El fideo rubio/Documents/Unreal Projects/ThePassage/Content/Art/Characters/textures/TREE_ao.uasset" 58
"../../../../../../Users/El fideo rubio/Documents/Unreal Projects/ThePassage/Content/Art/Characters/textures/TREE_Metalness.uasset" 59
"../../../../../../Users/El fideo rubio/Documents/Unreal Projects/ThePassage/Content/Art/Characters/textures/TREE_Normal.uasset" 60
"../../../../../../Users/El fideo rubio/Documents/Unreal Projects/ThePassage/Content/Art/Characters/textures/TREE_Roughness.uasset" 61
"../../../../../../Users/El fideo rubio/Documents/Unreal Projects/ThePassage/Content/Art/Characters/textures/waterMat.uasset" 62
"../../../../../../Users/El fideo rubio/Documents/Unreal Projects/ThePassage/Content/Art/Characters/WhaleAo/whale_ao.uasset" 63
"../../../../../../Users/El fideo rubio/Documents/Unreal Projects/ThePassage/Content/Art/Characters/WhaleAo/whale_BaseColor.uasset" 64
"../../../../../../Users/El fideo rubio/Documents/Unreal Projects/ThePassage/Content/Art/Characters/WhaleAo/whale_Metalness.uasset" 65
"../../../../../../Users/El fideo rubio/Documents/Unreal Projects/ThePassage/Content/Art/Characters/WhaleAo/whale_Normal.uasset" 66
"../../../../../../Users/El fideo rubio/Documents/Unreal Projects/ThePassage/Content/Art/Characters/WhaleAo/whale_Roughness.uasset" 67
"../../../../../../Users/El fideo rubio/Documents/Unreal Projects/ThePassage/Content/Art/Characters/WhaleAo/lambert2.uasset" 68
"../../../../../../Users/El fideo rubio/Documents/Unreal Projects/ThePassage/Content/Art/Characters/WhaleAo/WhaleSwim_PhysicsAsset.uasset" 69
"../../../../../../Users/El fideo rubio/Documents/Unreal Projects/ThePassage/Content/Art/Characters/WhaleAo/WhaleSwim_Skeleton.uasset" 70
"../../../../../../Users/El fideo rubio/Documents/Unreal Projects/ThePassage/Content/Art/Characters/WhaleAo/WhaleSwim.uasset" 71
"../../../../../../Users/El fideo rubio/Documents/Unreal Projects/ThePassage/Content/Art/Characters/WhaleAo/whaleAi.uasset" 72
"../../../../../../Users/El fideo rubio/Documents/Unreal Projects/ThePassage/Content/Art/Characters/WhaleAo/WhaleSw.uasset" 73
"../../../../../../Users/El fideo rubio/Documents/Unreal Projects/ThePassage/Content/Art/Characters/WhaleAo/WhaleSwim_Anim.uasset" 74
"../../../../../../Users/El fideo rubio/Documents/Unreal Projects/ThePassage/Content/Art/Environment/DeleteWhenAddingAnything1.uasset" 75
"../../../../../../Users/El fideo rubio/Documents/Unreal Projects/ThePassage/Content/Art/Characters/Enviroment/Lantern_1_BaseColor.uasset" 76
"../../../../../../Users/El fideo rubio/Documents/Unreal Projects/ThePassage/Content/Art/Characters/Enviroment/default.uasset" 77
"../../../../../../Users/El fideo rubio/Documents/Unreal Projects/ThePassage/Content/Art/Characters/Enviroment/Lantern_1.uasset" 78
"../../../../../../Users/El fideo rubio/Documents/Unreal Projects/ThePassage/Content/Art/Environment/PointLight3_Blueprint.uasset" 79
"../../../Engine/Content/Functions/Engine_MaterialFunctions02/SampleSceneDepth.uasset" 80
"../../../Engine/Content/Functions/Engine_MaterialFunctions02/Utility/BreakOutFloat3Components.uasset" 81
"../../../../../../Users/El fideo rubio/Documents/Unreal Projects/ThePassage/Content/Art/Environment/Materials/BoatCutoutStencil.uasset" 82
"../../../Engine/Content/Functions/Engine_MaterialFunctions03/ComplexMotion/Motion_4WayChaos.uasset" 83
"../../../Engine/Content/Engine_MI_Shaders/T_Base_Tile_Normal.uasset" 84
"../../../Engine/Content/Functions/Engine_MaterialFunctions03/ComplexMotion/Motion_4WayChaos_Normal.uasset" 85
"../../../../../../Users/El fideo rubio/Documents/Unreal Projects/ThePassage/Content/Art/Environment/Materials/M_TranslucentWater.uasset" 86
"../../../../../../Users/El fideo rubio/Documents/Unreal Projects/ThePassage/Content/Art/Environment/Materials/Textures/T_Perlin_Noise_M.uasset" 87
"../../../../../../Users/El fideo rubio/Documents/Unreal Projects/ThePassage/Content/Art/Environment/Materials/Textures/T_Water_N.uasset" 88
"../../../../../../Users/El fideo rubio/Documents/Unreal Projects/ThePassage/Content/Art/Environment/Materials/M_Water_Lake.uasset" 89
"../../../Engine/Content/Functions/Engine_MaterialFunctions02/Utility/BlendAngleCorrectedNormals.uasset" 90
"../../../../../../Users/El fideo rubio/Documents/Unreal Projects/ThePassage/Content/Art/Environment/Materials/Textures/T_Water_M.uasset" 91
"../../../../../../Users/El fideo rubio/Documents/Unreal Projects/ThePassage/Content/Art/Environment/Materials/M_Water_Ocean.uasset" 92
"../../../../../../Users/El fideo rubio/Documents/Unreal Projects/ThePassage/Content/Art/Environment/Materials/OceanTestJ.uasset" 93
"../../../../../../Users/El fideo rubio/Documents/Unreal Projects/ThePassage/Content/Art/Environment/Materials/Textures/rock_1/Rock_1_baseColor.uasset" 94
"../../../../../../Users/El fideo rubio/Documents/Unreal Projects/ThePassage/Content/Art/Environment/Materials/Textures/rock_1/Rock_1_normal.uasset" 95
"../../../../../../Users/El fideo rubio/Documents/Unreal Projects/ThePassage/Content/Art/Environment/Materials/Textures/rock_1/Rock_1_roughness.uasset" 96
"../../../../../../Users/El fideo rubio/Documents/Unreal Projects/ThePassage/Content/Art/Environment/Materials/rock_1.uasset" 97
"../../../../../../Users/El fideo rubio/Documents/Unreal Projects/ThePassage/Content/Art/Environment/Materials/Textures/rock_2/Rock2_baseColor.uasset" 98
"../../../../../../Users/El fideo rubio/Documents/Unreal Projects/ThePassage/Content/Art/Environment/Materials/Textures/rock_2/Rock2_normal.uasset" 99
"../../../../../../Users/El fideo rubio/Documents/Unreal Projects/ThePassage/Content/Art/Environment/Materials/Textures/rock_2/Rock2_roughness.uasset" 100
"../../../../../../Users/El fideo rubio/Documents/Unreal Projects/ThePassage/Content/Art/Environment/Materials/rock_2.uasset" 101
"../../../../../../Users/El fideo rubio/Documents/Unreal Projects/ThePassage/Content/Art/Environment/Materials/Textures/rock_5/Rock_5_baseColor.uasset" 102
"../../../../../../Users/El fideo rubio/Documents/Unreal Projects/ThePassage/Content/Art/Environment/Materials/Textures/rock_5/Rock_5_normal.uasset" 103
"../../../../../../Users/El fideo rubio/Documents/Unreal Projects/ThePassage/Content/Art/Environment/Materials/Textures/rock_5/Rock_5_roughness.uasset" 104
"../../../../../../Users/El fideo rubio/Documents/Unreal Projects/ThePassage/Content/Art/Environment/Materials/rock_5.uasset" 105
"../../../../../../Users/El fideo rubio/Documents/Unreal Projects/ThePassage/Content/Art/Environment/Materials/Textures/rock_6/rock_6_baseColor.uasset" 106
"../../../../../../Users/El fideo rubio/Documents/Unreal Projects/ThePassage/Content/Art/Environment/Materials/Textures/rock_6/rock_6_normal.uasset" 107
"../../../../../../Users/El fideo rubio/Documents/Unreal Projects/ThePassage/Content/Art/Environment/Materials/Textures/rock_6/rock_6_roughness.uasset" 108
"../../../../../../Users/El fideo rubio/Documents/Unreal Projects/ThePassage/Content/Art/Environment/Materials/rock_6.uasset" 109
"../../../../../../Users/El fideo rubio/Documents/Unreal Projects/ThePassage/Content/Art/Environment/Materials/WaterTest.uasset" 110
"../../../../../../Users/El fideo rubio/Documents/Unreal Projects/ThePassage/Content/Art/Environment/Materials/Textures/shack/Window_normal.uasset" 111
"../../../../../../Users/El fideo rubio/Documents/Unreal Projects/ThePassage/Content/Art/Environment/Materials/Textures/shack/Window_roughness.uasset" 112
"../../../../../../Users/El fideo rubio/Documents/Unreal Projects/ThePassage/Content/Art/Environment/Materials/Textures/barrel/ring_baseColor.uasset" 113
"../../../../../../Users/El fideo rubio/Documents/Unreal Projects/ThePassage/Content/Art/Environment/Materials/Textures/barrel/ring_metallic.uasset" 114
"../../../../../../Users/El fideo rubio/Documents/Unreal Projects/ThePassage/Content/Art/Environment/Materials/Textures/barrel/ring_normal.uasset" 115
"../../../../../../Users/El fideo rubio/Documents/Unreal Projects/ThePassage/Content/Art/Environment/Materials/Textures/barrel/ring_roughness.uasset" 116
"../../../../../../Users/El fideo rubio/Documents/Unreal Projects/ThePassage/Content/Art/Environment/Materials/barrel_ring.uasset" 117
"../../../../../../Users/El fideo rubio/Documents/Unreal Projects/ThePassage/Content/Art/Environment/Materials/Textures/barrel/Wood_barrel_baseColor.uasset" 118
"../../../../../../Users/El fideo rubio/Documents/Unreal Projects/ThePassage/Content/Art/Environment/Materials/Textures/barrel/Wood_barrel_normal.uasset" 119
"../../../../../../Users/El fideo rubio/Documents/Unreal Projects/ThePassage/Content/Art/Environment/Materials/Textures/barrel/Wood_barrel_roughness.uasset" 120
"../../../../../../Users/El fideo rubio/Documents/Unreal Projects/ThePassage/Content/Art/Environment/Materials/barrel_wood.uasset" 121
"../../../../../../Users/El fideo rubio/Documents/Unreal Projects/ThePassage/Content/Art/Environment/Meshes/barrel.uasset" 122
"../../../../../../Users/El fideo rubio/Documents/Unreal Projects/ThePassage/Content/Art/Environment/Materials/Textures/dock_2/Planks3_baseColor.uasset" 123
"../../../../../../Users/El fideo rubio/Documents/Unreal Projects/ThePassage/Content/Art/Environment/Materials/Textures/dock_2/Planks3_normal.uasset" 124
"../../../../../../Users/El fideo rubio/Documents/Unreal Projects/ThePassage/Content/Art/Environment/Materials/Textures/dock_2/Planks3_roughness.uasset" 125
"../../../../../../Users/El fideo rubio/Documents/Unreal Projects/ThePassage/Content/Art/Environment/Materials/dock_2_planks.uasset" 126
"../../../../../../Users/El fideo rubio/Documents/Unreal Projects/ThePassage/Content/Art/Environment/Materials/Textures/dock_2/Support1_baseColor.uasset" 127
"../../../../../../Users/El fideo rubio/Documents/Unreal Projects/ThePassage/Content/Art/Environment/Materials/Textures/dock_2/Support1_normal.uasset" 128
"../../../../../../Users/El fideo rubio/Documents/Unreal Projects/ThePassage/Content/Art/Environment/Materials/Textures/dock_2/Support1_roughness.uasset" 129
"../../../../../../Users/El fideo rubio/Documents/Unreal Projects/ThePassage/Content/Art/Environment/Materials/dock_2_support.uasset" 130
"../../../../../../Users/El fideo rubio/Documents/Unreal Projects/ThePassage/Content/Art/Environment/Meshes/Dock_2.uasset" 131
"../../../../../../Users/El fideo rubio/Documents/Unreal Projects/ThePassage/Content/Art/Environment/Materials/Textures/plank/Planks3_baseColor.uasset" 132
"../../../../../../Users/El fideo rubio/Documents/Unreal Projects/ThePassage/Content/Art/Environment/Materials/Textures/plank/Planks3_normal.uasset" 133
"../../../../../../Users/El fideo rubio/Documents/Unreal Projects/ThePassage/Content/Art/Environment/Materials/Textures/plank/Planks3_roughness.uasset" 134
"../../../../../../Users/El fideo rubio/Documents/Unreal Projects/ThePassage/Content/Art/Environment/Materials/plank.uasset" 135
"../../../../../../Users/El fideo rubio/Documents/Unreal Projects/ThePassage/Content/Art/Environment/Meshes/plank.uasset" 136
"../../../../../../Users/El fideo rubio/Documents/Unreal Projects/ThePassage/Content/Art/Environment/Materials/Textures/rock_3/Rock3_baseColor.uasset" 137
"../../../../../../Users/El fideo rubio/Documents/Unreal Projects/ThePassage/Content/Art/Environment/Materials/Textures/rock_3/Rock3_normal.uasset" 138
"../../../../../../Users/El fideo rubio/Documents/Unreal Projects/ThePassage/Content/Art/Environment/Materials/Textures/rock_3/Rock3_roughness.uasset" 139
"../../../../../../Users/El fideo rubio/Documents/Unreal Projects/ThePassage/Content/Art/Environment/Materials/rock_3.uasset" 140
"../../../../../../Users/El fideo rubio/Documents/Unreal Projects/ThePassage/Content/Art/Environment/Meshes/Rocks_Rocks_rock_2.uasset" 141
"../../../../../../Users/El fideo rubio/Documents/Unreal Projects/ThePassage/Content/Art/Environment/Materials/Textures/rock_4/Rock_4_baseColor.uasset" 142
"../../../../../../Users/El fideo rubio/Documents/Unreal Projects/ThePassage/Content/Art/Environment/Materials/Textures/rock_4/Rock_4_normal.uasset" 143
"../../../../../../Users/El fideo rubio/Documents/Unreal Projects/ThePassage/Content/Art/Environment/Materials/Textures/rock_4/Rock_4_roughness.uasset" 144
"../../../../../../Users/El fideo rubio/Documents/Unreal Projects/ThePassage/Content/Art/Environment/Materials/rock_4.uasset" 145
"../../../../../../Users/El fideo rubio/Documents/Unreal Projects/ThePassage/Content/Art/Environment/Meshes/Rocks_Rocks_rock_4.uasset" 146
"../../../../../../Users/El fideo rubio/Documents/Unreal Projects/ThePassage/Content/Art/Environment/Meshes/Rocks_Rocks_rock_5.uasset" 147
"../../../../../../Users/El fideo rubio/Documents/Unreal Projects/ThePassage/Content/Art/Environment/Meshes/Rocks_Rocks_rock_6.uasset" 148
"../../../../../../Users/El fideo rubio/Documents/Unreal Projects/ThePassage/Content/Art/Environment/Materials/Textures/rock_cluster/Rock_Cluster_baseColor.uasset" 149
"../../../../../../Users/El fideo rubio/Documents/Unreal Projects/ThePassage/Content/Art/Environment/Materials/Textures/rock_cluster/Rock_Cluster_normal.uasset" 150
"../../../../../../Users/El fideo rubio/Documents/Unreal Projects/ThePassage/Content/Art/Environment/Materials/Textures/rock_cluster/Rock_Cluster_roughness.uasset" 151
"../../../../../../Users/El fideo rubio/Documents/Unreal Projects/ThePassage/Content/Art/Environment/Materials/rock_cluster.uasset" 152
"../../../../../../Users/El fideo rubio/Documents/Unreal Projects/ThePassage/Content/Art/Environment/Meshes/Rocks_Rock_cluster_1_Rocks.uasset" 153
"../../../../../../Users/El fideo rubio/Documents/Unreal Projects/ThePassage/Content/Art/Environment/Materials/Textures/shack/Base_baseColor.uasset" 154
"../../../../../../Users/El fideo rubio/Documents/Unreal Projects/ThePassage/Content/Art/Environment/Materials/Textures/shack/Base_normal.uasset" 155
"../../../../../../Users/El fideo rubio/Documents/Unreal Projects/ThePassage/Content/Art/Environment/Materials/Textures/shack/Base_roughness.uasset" 156
"../../../../../../Users/El fideo rubio/Documents/Unreal Projects/ThePassage/Content/Art/Environment/Materials/shack_base.uasset" 157
"../../../../../../Users/El fideo rubio/Documents/Unreal Projects/ThePassage/Content/Art/Environment/Materials/Textures/shack/Door_baseColor.uasset" 158
"../../../../../../Users/El fideo rubio/Documents/Unreal Projects/ThePassage/Content/Art/Environment/Materials/Textures/shack/Door_normal.uasset" 159
"../../../../../../Users/El fideo rubio/Documents/Unreal Projects/ThePassage/Content/Art/Environment/Materials/Textures/shack/Door_roughness.uasset" 160
"../../../../../../Users/El fideo rubio/Documents/Unreal Projects/ThePassage/Content/Art/Environment/Materials/shack_door.uasset" 161
"../../../../../../Users/El fideo rubio/Documents/Unreal Projects/ThePassage/Content/Art/Environment/Materials/Textures/shack/Frame_baseColor.uasset" 162
"../../../../../../Users/El fideo rubio/Documents/Unreal Projects/ThePassage/Content/Art/Environment/Materials/Textures/shack/Frame_normal.uasset" 163
"../../../../../../Users/El fideo rubio/Documents/Unreal Projects/ThePassage/Content/Art/Environment/Materials/Textures/shack/Frame_roughness.uasset" 164
"../../../../../../Users/El fideo rubio/Documents/Unreal Projects/ThePassage/Content/Art/Environment/Materials/shack_frame.uasset" 165
"../../../../../../Users/El fideo rubio/Documents/Unreal Projects/ThePassage/Content/Art/Environment/Materials/Textures/shack/Roof_baseColor.uasset" 166
"../../../../../../Users/El fideo rubio/Documents/Unreal Projects/ThePassage/Content/Art/Environment/Materials/Textures/shack/Roof_normal.uasset" 167
"../../../../../../Users/El fideo rubio/Documents/Unreal Projects/ThePassage/Content/Art/Environment/Materials/Textures/shack/Roof_roughness.uasset" 168
"../../../../../../Users/El fideo rubio/Documents/Unreal Projects/ThePassage/Content/Art/Environment/Materials/shack_roof.uasset" 169
"../../../../../../Users/El fideo rubio/Documents/Unreal Projects/ThePassage/Content/Art/Environment/Materials/Textures/shack/Window_frame_baseColor.uasset" 170
"../../../../../../Users/El fideo rubio/Documents/Unreal Projects/ThePassage/Content/Art/Environment/Materials/Textures/shack/Window_frame_normal.uasset" 171
"../../../../../../Users/El fideo rubio/Documents/Unreal Projects/ThePassage/Content/Art/Environment/Materials/Textures/shack/Window_frame_roughness.uasset" 172
"../../../../../../Users/El fideo rubio/Documents/Unreal Projects/ThePassage/Content/Art/Environment/Materials/shack_w_frame.uasset" 173
"../../../../../../Users/El fideo rubio/Documents/Unreal Projects/ThePassage/Content/Art/Environment/Materials/Textures/shack/Window_baseColor.uasset" 174
"../../../../../../Users/El fideo rubio/Documents/Unreal Projects/ThePassage/Content/Art/Environment/Materials/shack_window.uasset" 175
"../../../../../../Users/El fideo rubio/Documents/Unreal Projects/ThePassage/Content/Art/Environment/Materials/Textures/shack/Wood_Stripes_baseColor.uasset" 176
"../../../../../../Users/El fideo rubio/Documents/Unreal Projects/ThePassage/Content/Art/Environment/Materials/Textures/shack/Wood_Stripes_normal.uasset" 177
"../../../../../../Users/El fideo rubio/Documents/Unreal Projects/ThePassage/Content/Art/Environment/Materials/Textures/shack/Wood_Stripes_roughness.uasset" 178
"../../../../../../Users/El fideo rubio/Documents/Unreal Projects/ThePassage/Content/Art/Environment/Materials/shack_ws.uasset" 179
"../../../../../../Users/El fideo rubio/Documents/Unreal Projects/ThePassage/Content/Art/Environment/Meshes/shack.uasset" 180
"../../../../../../Users/El fideo rubio/Documents/Unreal Projects/ThePassage/Content/Art/Environment/Materials/Textures/stick/stick_baseColor.uasset" 181
"../../../../../../Users/El fideo rubio/Documents/Unreal Projects/ThePassage/Content/Art/Environment/Materials/Textures/stick/stick_normal.uasset" 182
"../../../../../../Users/El fideo rubio/Documents/Unreal Projects/ThePassage/Content/Art/Environment/Materials/Textures/stick/stick_roughness.uasset" 183
"../../../../../../Users/El fideo rubio/Documents/Unreal Projects/ThePassage/Content/Art/Environment/Materials/stick.uasset" 184
"../../../../../../Users/El fideo rubio/Documents/Unreal Projects/ThePassage/Content/Art/Environment/Meshes/strick.uasset" 185
"../../../../../../Users/El fideo rubio/Documents/Unreal Projects/ThePassage/Content/Art/Environment/Materials/Textures/tree/Leaf_baseColor.uasset" 186
"../../../../../../Users/El fideo rubio/Documents/Unreal Projects/ThePassage/Content/Art/Environment/Materials/Textures/tree/Leaf_normal.uasset" 187
"../../../../../../Users/El fideo rubio/Documents/Unreal Projects/ThePassage/Content/Art/Environment/Materials/Textures/tree/Leaf_opacity.uasset" 188
"../../../../../../Users/El fideo rubio/Documents/Unreal Projects/ThePassage/Content/Art/Environment/Materials/Textures/tree/Leaf_roughness.uasset" 189
"../../../../../../Users/El fideo rubio/Documents/Unreal Projects/ThePassage/Content/Art/Environment/Materials/tree_leaf.uasset" 190
"../../../../../../Users/El fideo rubio/Documents/Unreal Projects/ThePassage/Content/Art/Environment/Materials/Textures/tree/Trunk1_baseColor.uasset" 191
"../../../../../../Users/El fideo rubio/Documents/Unreal Projects/ThePassage/Content/Art/Environment/Materials/Textures/tree/Trunk1_normal.uasset" 192
"../../../../../../Users/El fideo rubio/Documents/Unreal Projects/ThePassage/Content/Art/Environment/Materials/Textures/tree/Trunk1_roughness.uasset" 193
"../../../../../../Users/El fideo rubio/Documents/Unreal Projects/ThePassage/Content/Art/Environment/Materials/tree_trunk.uasset" 194
"../../../../../../Users/El fideo rubio/Documents/Unreal Projects/ThePassage/Content/Art/Environment/Meshes/Tree.uasset" 195
"../../../../../../Users/El fideo rubio/Documents/Unreal Projects/ThePassage/Content/Audio/SFX/SoulFallen.uasset" 196
"../../../../../../Users/El fideo rubio/Documents/Unreal Projects/ThePassage/Content/Audio/SFX/SoulFallWate2.uasset" 197
"../../../../../../Users/El fideo rubio/Documents/Unreal Projects/ThePassage/Content/Audio/SFX/SoulFallWater1.uasset" 198
"../../../../../../Users/El fideo rubio/Documents/Unreal Projects/ThePassage/Content/Audio/SFX/SoulFallWater3.uasset" 199
"../../../../../../Users/El fideo rubio/Documents/Unreal Projects/ThePassage/Content/Audio/SFX/BoatSound/Row1.uasset" 200
"../../../../../../Users/El fideo rubio/Documents/Unreal Projects/ThePassage/Content/Audio/SFX/BoatSound/Row2.uasset" 201
"../../../../../../Users/El fideo rubio/Documents/Unreal Projects/ThePassage/Content/Audio/SFX/BoatSound/Row3.uasset" 202
"../../../../../../Users/El fideo rubio/Documents/Unreal Projects/ThePassage/Content/Audio/SFX/BoatSound/Row4.uasset" 203
"../../../../../../Users/El fideo rubio/Documents/Unreal Projects/ThePassage/Content/Audio/SFX/BoatSound/Row5.uasset" 204
"../../../../../../Users/El fideo rubio/Documents/Unreal Projects/ThePassage/Content/Audio/SFX/BoatSound/Row6.uasset" 205
"../../../../../../Users/El fideo rubio/Documents/Unreal Projects/ThePassage/Content/Audio/SFX/BoatSound/ShipImpact1.uasset" 206
"../../../../../../Users/El fideo rubio/Documents/Unreal Projects/ThePassage/Content/Audio/SFX/BoatSound/ShipImpact2.uasset" 207
"../../../../../../Users/El fideo rubio/Documents/Unreal Projects/ThePassage/Content/Audio/SFX/BoatSound/ShipImpact3.uasset" 208
"../../../../../../Users/El fideo rubio/Documents/Unreal Projects/ThePassage/Content/Audio/SFX/OrbSound/OrbBump1.uasset" 209
"../../../../../../Users/El fideo rubio/Documents/Unreal Projects/ThePassage/Content/Audio/SFX/OrbSound/OrbBump2.uasset" 210
"../../../../../../Users/El fideo rubio/Documents/Unreal Projects/ThePassage/Content/Audio/SFX/OrbSound/OrbBump3.uasset" 211
"../../../../../../Users/El fideo rubio/Documents/Unreal Projects/ThePassage/Content/Audio/SFX/OrbSound/OrbBump4.uasset" 212
"../../../../../../Users/El fideo rubio/Documents/Unreal Projects/ThePassage/Content/Audio/SFX/OrbSound.uasset" 213
"../../../../../../Users/El fideo rubio/Documents/Unreal Projects/ThePassage/Content/Audio/SFX/OrbSound/Orb_Movement_V2.uasset" 214
"../../../../../../Users/El fideo rubio/Documents/Unreal Projects/ThePassage/Content/Audio/SFX/OrbSound/SoulMovement.uasset" 215
"../../../Engine/Content/BasicShapes/BasicShapeMaterial.uasset" 216
"../../../Engine/Content/Functions/Engine_MaterialFunctions01/Opacity/CameraDepthFade.uasset" 217
"../../../Engine/Content/EngineMaterials/T_Default_Material_Grid_M.uasset" 218
"../../../Engine/Content/EngineMaterials/T_Default_Material_Grid_N.uasset" 219
"../../../Engine/Content/EngineMaterials/WorldGridMaterial.uasset" 220
"../../../Engine/Content/BasicShapes/Plane.uasset" 221
"../../../../../../Users/El fideo rubio/Documents/Unreal Projects/ThePassage/Content/Core/Characters/Boat/AudioBp/WaterFloaterBP.uasset" 222
"../../../../../../Users/El fideo rubio/Documents/Unreal Projects/ThePassage/Content/Art/Characters/Spirits/Sitting_Anim.uasset" 223
"../../../../../../Users/El fideo rubio/Documents/Unreal Projects/ThePassage/Content/Art/Characters/Spirits/Spirit_Sitting_Pose_Anim.uasset" 224
"../../../../../../Users/El fideo rubio/Documents/Unreal Projects/ThePassage/Content/Art/Characters/Spirits/Treading_Water_Anim.uasset" 225
"../../../../../../Users/El fideo rubio/Documents/Unreal Projects/ThePassage/Content/Art/Characters/NewAnimations/NewAnimBlueprint.uasset" 226
"../../../Engine/Content/EditorBlueprintResources/StandardMacros.uasset" 227
"../../../../../../Users/El fideo rubio/Documents/Unreal Projects/ThePassage/Content/Core/Characters/Boat/BP_HoverComponent.uasset" 228
"../../../../../../Users/El fideo rubio/Documents/Unreal Projects/ThePassage/Content/Core/Characters/ConversationSection/Libraries/I_Iteractions.uasset" 229
"../../../../../../Users/El fideo rubio/Documents/Unreal Projects/ThePassage/Content/UI/Fonts/Cinzel-Bold.uasset" 230
"../../../../../../Users/El fideo rubio/Documents/Unreal Projects/ThePassage/Content/UI/Fonts/Cinzel-Bold_Font.uasset" 231
"../../../../../../Users/El fideo rubio/Documents/Unreal Projects/ThePassage/Content/UI/Fonts/Cinzel-Regular.uasset" 232
"../../../../../../Users/El fideo rubio/Documents/Unreal Projects/ThePassage/Content/UI/Fonts/Cinzel-Regular_Font.uasset" 233
"../../../../../../Users/El fideo rubio/Documents/Unreal Projects/ThePassage/Content/UI/UI_Elements/BorderWhite.uasset" 234
"../../../../../../Users/El fideo rubio/Documents/Unreal Projects/ThePassage/Content/UI/WD_QA.uasset" 235
"../../../../../../Users/El fideo rubio/Documents/Unreal Projects/ThePassage/Content/Art/Characters/NewAnimations/Left_Paddle_PhysicsAsset.uasset" 236
"../../../../../../Users/El fideo rubio/Documents/Unreal Projects/ThePassage/Content/Art/Characters/NewAnimations/Left_Paddle.uasset" 237
"../../../../../../Users/El fideo rubio/Documents/Unreal Projects/ThePassage/Content/Core/Characters/Boat/BoatPhysicsMaterial/BoatPhysics.uasset" 238
"../../../../../../Users/El fideo rubio/Documents/Unreal Projects/ThePassage/Content/Art/Characters/tester.uasset" 239
"../../../../../../Users/El fideo rubio/Documents/Unreal Projects/ThePassage/Content/Art/Characters/testwaterring.uasset" 240
"../../../../../../Users/El fideo rubio/Documents/Unreal Projects/ThePassage/Content/Audio/SFX/BoatSound/BoatImpact.uasset" 241
"../../../../../../Users/El fideo rubio/Documents/Unreal Projects/ThePassage/Content/Audio/SFX/BoatSound/Boat_Moving_Loop.uasset" 242
"../../../../../../Users/El fideo rubio/Documents/Unreal Projects/ThePassage/Content/Audio/SFX/Master1.uasset" 243
"../../../../../../Users/El fideo rubio/Documents/Unreal Projects/ThePassage/Content/Audio/SFX/BoatSound/BoatMovement.uasset" 244
"../../../../../../Users/El fideo rubio/Documents/Unreal Projects/ThePassage/Content/UI/WD_PauseMenu.uasset" 245
"../../../../../../Users/El fideo rubio/Documents/Unreal Projects/ThePassage/Content/Core/Characters/Boat/BP_Boat.uasset" 246
"../../../../../../Users/El fideo rubio/Documents/Unreal Projects/ThePassage/Content/Art/Characters/Spirits/ABP_Spirit2.uasset" 247
"../../../../../../Users/El fideo rubio/Documents/Unreal Projects/ThePassage/Content/Art/Characters/Spirits/ABP_Spirit3.uasset" 248
"../../../../../../Users/El fideo rubio/Documents/Unreal Projects/ThePassage/Content/Art/Characters/Spirits/ABP_Spirit4.uasset" 249
"../../../../../../Users/El fideo rubio/Documents/Unreal Projects/ThePassage/Content/Art/Characters/NewMaterial.uasset" 250
"../../../../../../Users/El fideo rubio/Documents/Unreal Projects/ThePassage/Content/Art/Environment/Materials/Textures/decals/Symbol1.uasset" 251
"../../../../../../Users/El fideo rubio/Documents/Unreal Projects/ThePassage/Content/Art/Environment/Materials/Decal_Symbo_1.uasset" 252
"../../../../../../Users/El fideo rubio/Documents/Unreal Projects/ThePassage/Content/Art/Environment/Materials/Textures/dock_1/Planks_baseColor.uasset" 253
"../../../../../../Users/El fideo rubio/Documents/Unreal Projects/ThePassage/Content/Art/Environment/Materials/Textures/dock_1/Planks_normal.uasset" 254
"../../../../../../Users/El fideo rubio/Documents/Unreal Projects/ThePassage/Content/Art/Environment/Materials/Textures/dock_1/Planks_roughness.uasset" 255
"../../../../../../Users/El fideo rubio/Documents/Unreal Projects/ThePassage/Content/Art/Environment/Materials/dock_1_planks.uasset" 256
"../../../Engine/Content/BasicShapes/Cube.uasset" 257
"../../../Engine/Content/Functions/Engine_MaterialFunctions01/Density/ExponentialDensity.uasset" 258
"../../../Engine/Content/Functions/Engine_MaterialFunctions01/Gradient/RadialGradientExponential.uasset" 259
"../../../../../../Users/El fideo rubio/Documents/Unreal Projects/ThePassage/Content/Art/Characters/M_Fireflys1.uasset" 260
"../../../../../../Users/El fideo rubio/Documents/Unreal Projects/ThePassage/Content/Art/Characters/P_Fireflys1.uasset" 261
"../../../../../../Users/El fideo rubio/Documents/Unreal Projects/ThePassage/Content/Art/Characters/textures/rock_low_BaseColor.uasset" 262
"../../../../../../Users/El fideo rubio/Documents/Unreal Projects/ThePassage/Content/Art/Characters/textures/rock_low_Metalness.uasset" 263
"../../../../../../Users/El fideo rubio/Documents/Unreal Projects/ThePassage/Content/Art/Characters/textures/rock_low_Normal.uasset" 264
"../../../../../../Users/El fideo rubio/Documents/Unreal Projects/ThePassage/Content/Art/Characters/textures/rock_low_Roughness.uasset" 265
"../../../../../../Users/El fideo rubio/Documents/Unreal Projects/ThePassage/Content/Art/Characters/Materials/Rock_Loww.uasset" 266
"../../../../../../Users/El fideo rubio/Documents/Unreal Projects/ThePassage/Content/Art/Characters/rock_low.uasset" 267
"../../../../../../Users/El fideo rubio/Documents/Unreal Projects/ThePassage/Content/Art/Characters/textures/TREE_BaseColor.uasset" 268
"../../../../../../Users/El fideo rubio/Documents/Unreal Projects/ThePassage/Content/Art/Characters/default.uasset" 269
"../../../../../../Users/El fideo rubio/Documents/Unreal Projects/ThePassage/Content/Art/Characters/TREE.uasset" 270
"../../../Engine/Content/Functions/Engine_MaterialFunctions03/Procedurals/NormalFromHeightmap.uasset" 271
"../../../../../../Users/El fideo rubio/Documents/Unreal Projects/ThePassage/Content/Art/Environment/Materials/Textures/backwall/Backwall_Base_Color.uasset" 272
"../../../../../../Users/El fideo rubio/Documents/Unreal Projects/ThePassage/Content/Art/Environment/Materials/Textures/backwall/Backwall_Height.uasset" 273
"../../../../../../Users/El fideo rubio/Documents/Unreal Projects/ThePassage/Content/Art/Environment/Materials/Textures/backwall/Backwall_Mixed_AO.uasset" 274
"../../../../../../Users/El fideo rubio/Documents/Unreal Projects/ThePassage/Content/Art/Environment/Materials/Textures/backwall/Backwall_Normal_DirectX.uasset" 275
"../../../../../../Users/El fideo rubio/Documents/Unreal Projects/ThePassage/Content/Art/Environment/Materials/Textures/backwall/Backwall_Roughness.uasset" 276
"../../../../../../Users/El fideo rubio/Documents/Unreal Projects/ThePassage/Content/Art/Environment/Materials/Backwall.uasset" 277
"../../../../../../Users/El fideo rubio/Documents/Unreal Projects/ThePassage/Content/Art/Environment/Meshes/backwall.uasset" 278
"../../../../../../Users/El fideo rubio/Documents/Unreal Projects/ThePassage/Content/Art/Environment/Materials/Textures/dock_1/Foundations_baseColor.uasset" 279
"../../../../../../Users/El fideo rubio/Documents/Unreal Projects/ThePassage/Content/Art/Environment/Materials/Textures/dock_1/Foundations_normal.uasset" 280
"../../../../../../Users/El fideo rubio/Documents/Unreal Projects/ThePassage/Content/Art/Environment/Materials/Textures/dock_1/Foundations_roughness.uasset" 281
"../../../../../../Users/El fideo rubio/Documents/Unreal Projects/ThePassage/Content/Art/Environment/Materials/dock_1_support.uasset" 282
"../../../../../../Users/El fideo rubio/Documents/Unreal Projects/ThePassage/Content/Art/Environment/Meshes/dock_1.uasset" 283
"../../../../../../Users/El fideo rubio/Documents/Unreal Projects/ThePassage/Content/Art/Environment/Materials/Textures/soil/Soil_baseColor.uasset" 284
"../../../../../../Users/El fideo rubio/Documents/Unreal Projects/ThePassage/Content/Art/Environment/Materials/Textures/soil/Soil_normal.uasset" 285
"../../../../../../Users/El fideo rubio/Documents/Unreal Projects/ThePassage/Content/Art/Environment/Materials/Textures/soil/Soil_roughness.uasset" 286
"../../../../../../Users/El fideo rubio/Documents/Unreal Projects/ThePassage/Content/Art/Environment/Materials/soil.uasset" 287
"../../../../../../Users/El fideo rubio/Documents/Unreal Projects/ThePassage/Content/Art/Environment/Meshes/soil.uasset" 288
"../../../../../../Users/El fideo rubio/Documents/Unreal Projects/ThePassage/Content/Art/Environment/Materials/Textures/whale_bones/Whale1_baseColor.uasset" 289
"../../../../../../Users/El fideo rubio/Documents/Unreal Projects/ThePassage/Content/Art/Environment/Materials/Textures/whale_bones/Whale1_roughness.uasset" 290
"../../../../../../Users/El fideo rubio/Documents/Unreal Projects/ThePassage/Content/Art/Environment/Materials/whale_bones.uasset" 291
"../../../../../../Users/El fideo rubio/Documents/Unreal Projects/ThePassage/Content/Art/Environment/Meshes/whale_bones.uasset" 292
"../../../../../../Users/El fideo rubio/Documents/Unreal Projects/ThePassage/Content/Art/Environment/BP_IslandYthen.uasset" 293
"../../../../../../Users/El fideo rubio/Documents/Unreal Projects/ThePassage/Content/UI/WD_GameplayInstructions.uasset" 294
"../../../../../../Users/El fideo rubio/Documents/Unreal Projects/ThePassage/Content/Core/Characters/Boat/BP_GamePlayBoat.uasset" 295
"../../../../../../Users/El fideo rubio/Documents/Unreal Projects/ThePassage/Content/Audio/SFX/OrbSound/Soul_Orb_Move_Sound.uasset" 296
"../../../../../../Users/El fideo rubio/Documents/Unreal Projects/ThePassage/Content/Core/Characters/ConversationSection/BP_Spirit4.uasset" 297
"../../../../../../Users/El fideo rubio/Documents/Unreal Projects/ThePassage/Content/Core/Characters/ConversationSection/BP_Spirit3.uasset" 298
"../../../../../../Users/El fideo rubio/Documents/Unreal Projects/ThePassage/Content/Core/Characters/ConversationSection/BP_Spirits2.uasset" 299
"../../../../../../Users/El fideo rubio/Documents/Unreal Projects/ThePassage/Content/Art/Characters/Spirits/NewMaterial1.uasset" 300
"../../../../../../Users/El fideo rubio/Documents/Unreal Projects/ThePassage/Content/Audio/SFX/LostSoulAudioLoop.uasset" 301
"../../../../../../Users/El fideo rubio/Documents/Unreal Projects/ThePassage/Content/Audio/SFX/LostSoul.uasset" 302
"../../../../../../Users/El fideo rubio/Documents/Unreal Projects/ThePassage/Content/Core/Characters/ConversationSection/BP_Spirit1.uasset" 303
"../../../../../../Users/El fideo rubio/Documents/Unreal Projects/ThePassage/Content/Art/Characters/Spirits/ABP_Spirit1.uasset" 304
"../../../../../../Users/El fideo rubio/Documents/Unreal Projects/ThePassage/Content/Art/Characters/Spirits/Treading_Water_PhysicsAsset.uasset" 305
"../../../../../../Users/El fideo rubio/Documents/Unreal Projects/ThePassage/Content/Art/Characters/Spirits/Treading_Water.uasset" 306
"../../../../../../Users/El fideo rubio/Documents/Unreal Projects/ThePassage/Content/Core/Characters/ConversationSection/BP_SpiritsBaseClass.uasset" 307
"../../../../../../Users/El fideo rubio/Documents/Unreal Projects/ThePassage/Content/Core/Characters/ConversationSection/5.uasset" 308
"../../../../../../Users/El fideo rubio/Documents/Unreal Projects/ThePassage/Content/Core/Characters/ConversationSection/Obstacles/Obstacle_test.uasset" 309
"../../../../../../Users/El fideo rubio/Documents/Unreal Projects/ThePassage/Content/UI/UI_Elements/BorderBlack.uasset" 310
"../../../Engine/Content/Animation/DefaultAnimCurveCompressionSettings.uasset" 311
"../../../Engine/Content/ArtTools/RenderToTexture/Meshes/S_1_Unit_Plane.uasset" 312
"../../../Engine/Content/EngineMaterials/DefaultMaterial.uasset" 313
"../../../Engine/Content/BasicShapes/Cone.uasset" 314
"../../../Engine/Content/BasicShapes/Cylinder.uasset" 315
"../../../Engine/Content/BasicShapes/Sphere.uasset" 316
"../../../Engine/Content/EditorLandscapeResources/DataLayer.uasset" 317
"../../../Engine/Content/EditorMaterials/GizmoMaterial.uasset" 318
"../../../Engine/Content/EditorMaterials/MAT_Groups_Toggle.uasset" 319
"../../../Engine/Content/EditorMaterials/MAT_Groups_Visibility.uasset" 320
"../../../Engine/Content/EditorMaterials/PreviewShadowIndicator.uasset" 321
"../../../Engine/Content/EditorMaterials/PreviewShadowIndicatorMaterial.uasset" 322
"../../../Engine/Content/EditorMaterials/MatineeGroups/MAT_ColorTrack.uasset" 323
"../../../Engine/Content/EditorMaterials/MatineeGroups/MAT_Groups_Anim.uasset" 324
"../../../Engine/Content/EditorMaterials/MatineeGroups/MAT_Groups_AudioMaster.uasset" 325
"../../../Engine/Content/EditorMaterials/MatineeGroups/MAT_Groups_Director.uasset" 326
"../../../Engine/Content/EditorMaterials/MatineeGroups/MAT_Groups_Event.uasset" 327
"../../../Engine/Content/EditorMaterials/MatineeGroups/MAT_Groups_Fade.uasset" 328
"../../../Engine/Content/EditorMaterials/MatineeGroups/MAT_Groups_Float.uasset" 329
"../../../Engine/Content/EditorMaterials/MatineeGroups/MAT_Groups_Move.uasset" 330
"../../../Engine/Content/EditorMaterials/MatineeGroups/MAT_Groups_Slomo.uasset" 331
"../../../Engine/Content/EditorMaterials/MatineeGroups/MAT_Groups_Sound.uasset" 332
"../../../Engine/Content/EditorMaterials/MatineeGroups/MAT_Groups_Vector.uasset" 333
"../../../Engine/Content/EditorMaterials/ParticleSystems/PSysThumbnail_NoImage.uasset" 334
"../../../Engine/Content/EditorMaterials/ParticleSystems/PSysThumbnail_OOD.uasset" 335
"../../../Engine/Content/EditorMaterials/Camera/CineMat.uasset" 336
"../../../Engine/Content/EditorMaterials/Camera/MI_CineMat_Rig.uasset" 337
"../../../Engine/Content/EditorMeshes/Camera/SM_CraneRig_Arm.uasset" 338
"../../../Engine/Content/EditorMeshes/Camera/SM_CraneRig_Base.uasset" 339
"../../../Engine/Content/EditorMeshes/Camera/SM_CraneRig_Body.uasset" 340
"../../../Engine/Content/EditorMeshes/Camera/SM_CraneRig_Mount.uasset" 341
"../../../Engine/Content/EditorMeshes/Camera/SM_RailRig_Mount.uasset" 342
"../../../Engine/Content/EditorMeshes/Camera/SM_RailRig_Track.uasset" 343
"../../../Engine/Content/EditorResources/BSPVertex.uasset" 344
"../../../Engine/Content/EditorResources/EmptyActor.uasset" 345
"../../../Engine/Content/EditorResources/S_Actor.uasset" 346
"../../../Engine/Content/EditorResources/S_Note.uasset" 347
"../../../Engine/Content/EditorResources/S_Trigger.uasset" 348
"../../../Engine/Content/EditorResources/AudioIcons/S_AudioComponent_AutoActivate.uasset" 349
"../../../Engine/Content/EditorResources/LightIcons/S_LightError.uasset" 350
"../../../Engine/Content/EditorResources/SequenceRecorder/Countdown.uasset" 351
"../../../Engine/Content/EditorResources/SequenceRecorder/RecordingIndicator.uasset" 352
"../../../Engine/Content/EditorSounds/Notifications/CompileFailed.uasset" 353
"../../../Engine/Content/EditorSounds/Notifications/CompileFailed_Cue.uasset" 354
"../../../Engine/Content/EditorSounds/Notifications/CompileSuccess.uasset" 355
"../../../Engine/Content/EditorSounds/Notifications/CompileStart_Cue.uasset" 356
"../../../Engine/Content/EditorSounds/Notifications/CompileSuccess_Cue.uasset" 357
"../../../Engine/Content/EngineDamageTypes/DmgTypeBP_Environmental.uasset" 358
"../../../Engine/Content/EngineDebugMaterials/HeatmapGradient.uasset" 359
"../../../Engine/Content/EngineDebugMaterials/BoneWeightMaterial.uasset" 360
"../../../Engine/Content/EngineDebugMaterials/ClothMaterial.uasset" 361
"../../../Engine/Content/EngineDebugMaterials/ClothMaterial_WF.uasset" 362
"../../../Engine/Content/EngineDebugMaterials/DebugEditorMaterial.uasset" 363
"../../../Engine/Content/EngineDebugMaterials/DebugMeshMaterial.uasset" 364
"../../../Engine/Content/EngineDebugMaterials/GeomMaterial.uasset" 365
"../../../Engine/Content/EngineDebugMaterials/M_SimpleTranslucent.uasset" 366
"../../../Engine/Content/EngineFonts/Faces/RobotoBold.uasset" 367
"../../../Engine/Content/EngineFonts/Faces/RobotoBoldItalic.uasset" 368
"../../../Engine/Content/EngineFonts/Faces/RobotoItalic.uasset" 369
"../../../Engine/Content/EngineFonts/Faces/RobotoLight.uasset" 370
"../../../Engine/Content/EngineFonts/Faces/RobotoRegular.uasset" 371
"../../../Engine/Content/EngineFonts/Roboto.uasset" 372
"../../../Engine/Content/EngineFonts/Faces/RobotoTiny.uasset" 373
"../../../Engine/Content/EngineFonts/RobotoTiny.uasset" 374
"../../../Engine/Content/EngineMaterials/BaseFlattenDiffuseMap.uasset" 375
"../../../Engine/Content/EngineMaterials/BaseFlattenEmissiveMap.uasset" 376
"../../../Engine/Content/EngineMaterials/BaseFlattenGrayscaleMap.uasset" 377
"../../../Engine/Content/EngineMaterials/BaseFlattenNormalMap.uasset" 378
"../../../Engine/Content/EngineMaterials/BaseFlattenMaterial.uasset" 379
"../../../Engine/Content/EngineMaterials/DefaultBloomKernel.uasset" 380
"../../../Engine/Content/EngineMaterials/DefaultBokeh.uasset" 381
"../../../Engine/Content/EngineMaterials/DefaultDiffuse.uasset" 382
"../../../Engine/Content/EngineMaterials/DefaultDeferredDecalMaterial.uasset" 383
"../../../Engine/Content/EngineMaterials/DefaultLightFunctionMaterial.uasset" 384
"../../../Engine/Content/EngineMaterials/DefaultPhysicalMaterial.uasset" 385
"../../../Engine/Content/Functions/Engine_MaterialFunctions02/Utility/BreakOutFloat2Components.uasset" 386
"../../../Engine/Content/EngineMaterials/DefaultPostProcessMaterial.uasset" 387
"../../../Engine/Content/EngineFonts/RobotoDistanceField.uasset" 388
"../../../Engine/Content/EngineMaterials/DefaultTextMaterialOpaque.uasset" 389
"../../../Engine/Content/EngineMaterials/DefaultWhiteGrid.uasset" 390
"../../../Engine/Content/EngineMaterials/EditorBrushMaterial.uasset" 391
"../../../Engine/Content/EngineMaterials/Good64x64TilingNoiseHighFreq.uasset" 392
"../../../Engine/Content/EngineMaterials/MiniFont.uasset" 393
"../../../Engine/Content/EngineMaterials/InvalidLightmapSettings.uasset" 394
"../../../Engine/Content/EngineMaterials/M_InvalidLightmapSettings.uasset" 395
"../../../Engine/Content/Functions/Engine_MaterialFunctions02/WorldPositionOffset/CameraOffset.uasset" 396
"../../../Engine/Content/EngineMaterials/PhAT_JointLimitMaterial.uasset" 397
"../../../Engine/Content/EngineMaterials/PreintegratedSkinBRDF.uasset" 398
"../../../Engine/Content/EngineMaterials/RemoveSurfaceMaterial.uasset" 399
"../../../Engine/Content/EngineMaterials/WeightMapPlaceholderTexture.uasset" 400
"../../../Engine/Content/EngineResources/WhiteSquareTexture.uasset" 401
"../../../Engine/Content/EngineMaterials/Widget3DPassThrough.uasset" 402
"../../../Engine/Content/EngineMaterials/Widget3DPassThrough_Masked.uasset" 403
"../../../Engine/Content/EngineMaterials/Widget3DPassThrough_Opaque.uasset" 404
"../../../Engine/Content/EngineMaterials/Widget3DPassThrough_Masked_OneSided.uasset" 405
"../../../Engine/Content/EngineMaterials/Widget3DPassThrough_Opaque_OneSided.uasset" 406
"../../../Engine/Content/EngineMaterials/Widget3DPassThrough_Translucent.uasset" 407
"../../../Engine/Content/EngineMaterials/Widget3DPassThrough_Translucent_OneSided.uasset" 408
"../../../Engine/Content/EngineMeshes/Cylinder.uasset" 409
"../../../Engine/Content/EngineMeshes/Sphere.uasset" 410
"../../../Engine/Content/EngineResources/Black.uasset" 411
"../../../Engine/Content/EngineResources/DefaultTexture.uasset" 412
"../../../Engine/Content/EngineResources/DefaultTextureCube.uasset" 413
"../../../Engine/Content/EngineResources/DefaultVolumeTexture2D.uasset" 414
"../../../Engine/Content/EngineResources/DefaultVolumeTexture.uasset" 415
"../../../Engine/Content/EngineResources/GradientTexture0.uasset" 416
"../../../Engine/Content/EngineSounds/Master.uasset" 417
"../../../Engine/Content/Functions/Engine_MaterialFunctions01/Shading/ConvertFromDiffSpec.uasset" 418
"../../../Engine/Content/Functions/Engine_MaterialFunctions01/Shading/PowerToRoughness.uasset" 419
"../../../Engine/Content/Maps/Templates/Thumbnails/Default.uasset" 420
"../../../Engine/Content/Maps/Templates/Thumbnails/VR-Basic.uasset" 421
"../../../Engine/Content/MobileResources/T_MobileControls_texture.uasset" 422
"../../../Engine/Content/MobileResources/T_MobileMenu2.uasset" 423
"../../../Engine/Content/MobileResources/HUD/AnalogHat.uasset" 424
"../../../Engine/Content/MobileResources/HUD/VirtualJoystick_Background.uasset" 425
"../../../Engine/Content/MobileResources/HUD/VirtualJoystick_Thumb.uasset" 426
"../../../Engine/Content/MobileResources/HUD/DefaultVirtualJoysticks.uasset" 427
"../../../Engine/Content/MobileResources/HUD/LeftVirtualJoystickOnly.uasset" 428
"../../../Engine/Content/MobileResources/HUD/MobileHUDButton1_off.uasset" 429
"../../../Engine/Content/MobileResources/HUD/MobileHUDButton1_on.uasset" 430
"../../../Engine/Content/MobileResources/HUD/MobileHUDButton2_off.uasset" 431
"../../../Engine/Content/MobileResources/HUD/MobileHUDButton2_on.uasset" 432
"../../../Engine/Content/MobileResources/HUD/MobileHUDButton3.uasset" 433
"../../../Engine/Content/MobileResources/HUD/MobileHUDButtonFire.uasset" 434
"../../../Engine/Content/MobileResources/HUD/MobileHUDDirectionPad.uasset" 435
"../../../Engine/Content/MobileResources/HUD/MobileHUDDirectionPad2.uasset" 436
"../../../Engine/Content/MobileResources/HUD/MobileHUDDirectionPad3.uasset" 437
"../../../Engine/Content/MobileResources/HUD/MobileHUDDirectionStick.uasset" 438
"../../../Engine/Content/MobileResources/HUD/T_Castle_ThumbstickInner.uasset" 439
"../../../Engine/Content/MobileResources/HUD/T_Castle_ThumbstickOutter.uasset" 440
"../../../Engine/Content/Tutorial/ContentIntroCurve.uasset" 441
"../../../Engine/Content/Tutorial/Basics/LevelEditorAttract.uasset" 442
"../../../Engine/Content/Tutorial/Basics/TutorialAssets/icon_tab_Levels_40x.uasset" 443
"../../../Engine/Content/Tutorial/Basics/LevelEditorOverview.uasset" 444
"../../../Engine/Content/Tutorial/BlueprintTutorials/TutorialAssets/Blueprint_64x.uasset" 445
"../../../Engine/Content/Tutorial/BlueprintTutorials/BlueprintEditorTutorial.uasset" 446
"../../../Engine/Content/Tutorial/Installation/InstallingVisualStudioTutorial.uasset" 447
"../../../Engine/Content/Tutorial/Landscape/TutorialAssets/Landscape.uasset" 448
"../../../Engine/Content/Tutorial/Landscape/LandscapeWalkThrough.uasset" 449
"../../../Engine/Content/Tutorial/Landscape/Landscape_Manage_Mode.uasset" 450
"../../../Engine/Content/Tutorial/Landscape/Landscape_Painting_Mode.uasset" 451
"../../../Engine/Content/Tutorial/Landscape/Landscape_Sculpt_Mode.uasset" 452
"../../../Engine/Content/Tutorial/Mobile/TutorialAssets/IOS.uasset" 453
"../../../Engine/Content/Tutorial/Mobile/InstallingiTunesTutorial.uasset" 454
"../../../Engine/Content/Tutorial/SubEditors/GettingSubstance.uasset" 455
"../../../Engine/Content/VREditor/LaserPointer/VR_LaserPower_01.uasset" 456
"../../../Engine/Content/VREditor/TransformGizmo/TransformGizmoMaterial.uasset" 457
"../../../Engine/Content/VREditor/TransformGizmo/TranslucentTransformGizmoMaterial.uasset" 458
"../../../Engine/Content/VREditor/TransformGizmo/BoundingBoxCorner.uasset" 459
"../../../Engine/Content/VREditor/TransformGizmo/BoundingBoxEdge.uasset" 460
"../../../Engine/Content/VREditor/TransformGizmo/PlaneTranslationHandle.uasset" 461
"../../../Engine/Content/VREditor/TransformGizmo/Main.uasset" 462
"../../../Engine/Content/VREditor/TransformGizmo/Xray.uasset" 463
"../../../Engine/Content/VREditor/TransformGizmo/SM_Sequencer_Key.uasset" 464
"../../../Engine/Content/VREditor/TransformGizmo/SM_Sequencer_Node.uasset" 465
"../../Plugins/2D/Paper2D/Content/PlaceholderTextures/DummySpriteTexture.uasset" 466
"../../Plugins/2D/Paper2D/Content/DummySprite.uasset" 467
"../../Plugins/2D/Paper2D/Content/DefaultPaperTerrainMaterial.uasset" 468
"../../Plugins/2D/Paper2D/Content/DummySpriteTexture.uasset" 469
"../../Plugins/2D/Paper2D/Content/DefaultSpriteMaterial.uasset" 470
"../../Plugins/2D/Paper2D/Content/MaskedUnlitSpriteMaterial.uasset" 471
"../../Plugins/2D/Paper2D/Content/OpaqueUnlitSpriteMaterial.uasset" 472
"../../Plugins/Runtime/Oculus/OculusVR/Content/OculusMR_RenderTarget.uasset" 473
"../../../Engine/Content/Functions/Engine_MaterialFunctions02/Utility/BreakOutFloat4Components.uasset" 474
"../../../Engine/Content/Functions/Engine_MaterialFunctions02/Utility/MakeFloat3.uasset" 475
"../../Plugins/Runtime/Oculus/OculusVR/Content/Materials/OculusMR_ChromaKey.uasset" 476
"../../Plugins/Runtime/Oculus/OculusVR/Content/Materials/OculusMR_ChromaKey_Lit.uasset" 477
"../../Plugins/Runtime/Oculus/OculusVR/Content/Materials/OculusMR_OpaqueColoredMaterial.uasset" 478
"../../Plugins/Runtime/Oculus/OculusVR/Content/Materials/OculusMR_WhiteMaterial.uasset" 479
"../../Plugins/Runtime/Oculus/OculusVR/Content/Materials/PokeAHoleMaterial.uasset" 480
"../../Plugins/Runtime/Oculus/OculusVR/Content/Textures/GearVRController_AO.uasset" 481
"../../Plugins/Runtime/Oculus/OculusVR/Content/Textures/GearVRController_Color.uasset" 482
"../../Plugins/Runtime/Oculus/OculusVR/Content/Textures/GearVRController_Normal.uasset" 483
"../../Plugins/Runtime/Oculus/OculusVR/Content/Materials/GearVRControllerMaterial.uasset" 484
"../../Plugins/Runtime/Oculus/OculusVR/Content/Meshes/GearVrController.uasset" 485
"../../Plugins/Runtime/Oculus/OculusVR/Content/Textures/touchController_albedo.uasset" 486
"../../Plugins/Runtime/Oculus/OculusVR/Content/Textures/touchController_controlmap.uasset" 487
"../../Plugins/Runtime/Oculus/OculusVR/Content/Materials/touchController_mat.uasset" 488
"../../Plugins/Runtime/Oculus/OculusVR/Content/Meshes/LeftTouchController.uasset" 489
"../../Plugins/Runtime/Oculus/OculusVR/Content/Meshes/RiftHMD.uasset" 490
"../../Plugins/Runtime/Oculus/OculusVR/Content/Meshes/RightTouchController.uasset" 491
"../../../../../../Users/El fideo rubio/Documents/Unreal Projects/ThePassage/Content/UI/UI_Elements/Gameplay_3.uasset" 492
"../../../../../../Users/El fideo rubio/Documents/Unreal Projects/ThePassage/Content/UI/Credits.uasset" 493
"../../../../../../Users/El fideo rubio/Documents/Unreal Projects/ThePassage/Content/Maps/Credits.umap" 494
"../../../Engine/Content/EngineSky/C_Sky_Cloud_Color.uasset" 495
"../../../Engine/Content/EngineSky/C_Sky_Horizon_Color.uasset" 496
"../../../Engine/Content/EngineSky/C_Sky_Zenith_Color.uasset" 497
"../../../Engine/Content/EngineSky/T_Sky_Blue.uasset" 498
"../../../Engine/Content/EngineSky/T_Sky_Clouds_M.uasset" 499
"../../../Engine/Content/EngineSky/T_Sky_Stars.uasset" 500
"../../../Engine/Content/EngineSky/M_Sky_Panning_Clouds2.uasset" 501
"../../../Engine/Content/EngineSky/SM_SkySphere.uasset" 502
"../../../Engine/Content/EngineSky/BP_Sky_Sphere.uasset" 503
"../../../../../../Users/El fideo rubio/Documents/Unreal Projects/ThePassage/Content/Art/Characters/Enviroment/Folliage_8.uasset" 504
"../../../../../../Users/El fideo rubio/Documents/Unreal Projects/ThePassage/Content/Art/Characters/Enviroment/Folliage_354_Blueprint.uasset" 505
"../../../../../../Users/El fideo rubio/Documents/Unreal Projects/ThePassage/Content/Art/Characters/rock_low3_Blueprint.uasset" 506
"../../../../../../Users/El fideo rubio/Documents/Unreal Projects/ThePassage/Content/Audio/SFX/OrbSound/OrbImpact.uasset" 507
"../../../../../../Users/El fideo rubio/Documents/Unreal Projects/ThePassage/Content/Core/Characters/Boat/AudioBp/SoulSoundPhysical.uasset" 508
"../../../../../../Users/El fideo rubio/Documents/Unreal Projects/ThePassage/Content/Core/Characters/ConversationSection/Obstacles/Obstacle_PointyRock.uasset" 509
"../../../../../../Users/El fideo rubio/Documents/Unreal Projects/ThePassage/Content/Maps/Level_1_BuiltData.uasset" 510
"../../../../../../Users/El fideo rubio/Documents/Unreal Projects/ThePassage/Content/Art/Characters/DeleteWhenAddingAnything.uasset" 511
"../../../../../../Users/El fideo rubio/Documents/Unreal Projects/ThePassage/Content/Art/Environment/Materials/Textures/decals/Symbol_2.uasset" 512
"../../../../../../Users/El fideo rubio/Documents/Unreal Projects/ThePassage/Content/Art/Environment/Materials/Decal_Symbo_2.uasset" 513
"../../../../../../Users/El fideo rubio/Documents/Unreal Projects/ThePassage/Content/Art/Environment/Materials/Textures/decals/Symbol_3.uasset" 514
"../../../../../../Users/El fideo rubio/Documents/Unreal Projects/ThePassage/Content/Art/Environment/Materials/Decal_Symbo_3.uasset" 515
"../../../../../../Users/El fideo rubio/Documents/Unreal Projects/ThePassage/Content/Art/Environment/Materials/Textures/decals/Symbol_4.uasset" 516
"../../../../../../Users/El fideo rubio/Documents/Unreal Projects/ThePassage/Content/Art/Environment/Materials/Decal_Symbo_4.uasset" 517
"../../../../../../Users/El fideo rubio/Documents/Unreal Projects/ThePassage/Content/Art/Environment/Materials/Textures/decals/Symbol_5.uasset" 518
"../../../../../../Users/El fideo rubio/Documents/Unreal Projects/ThePassage/Content/Art/Environment/Materials/Decal_Symbo_5.uasset" 519
"../../../../../../Users/El fideo rubio/Documents/Unreal Projects/ThePassage/Content/Art/Environment/Materials/Textures/decals/Symbol_6.uasset" 520
"../../../../../../Users/El fideo rubio/Documents/Unreal Projects/ThePassage/Content/Art/Environment/Materials/Decal_Symbo_6.uasset" 521
"../../../../../../Users/El fideo rubio/Documents/Unreal Projects/ThePassage/Content/Art/Environment/Placeholder/M_LakeWater.uasset" 522
"../../../../../../Users/El fideo rubio/Documents/Unreal Projects/ThePassage/Content/Art/Environment/Placeholder/M_LakeWater_Inst.uasset" 523
"../../../Engine/Content/MapTemplates/SM_Template_Map_Floor.uasset" 524
"../../../../../../Users/El fideo rubio/Documents/Unreal Projects/ThePassage/Content/Art/Characters/Enviroment/Folliage_1.uasset" 525
"../../../../../../Users/El fideo rubio/Documents/Unreal Projects/ThePassage/Content/Art/Characters/Enviroment/Folliage_2.uasset" 526
"../../../../../../Users/El fideo rubio/Documents/Unreal Projects/ThePassage/Content/Art/Characters/Enviroment/Folliage_3.uasset" 527
"../../../../../../Users/El fideo rubio/Documents/Unreal Projects/ThePassage/Content/Art/Characters/Enviroment/Folliage_4.uasset" 528
"../../../../../../Users/El fideo rubio/Documents/Unreal Projects/ThePassage/Content/Art/Characters/Enviroment/Folliage_7.uasset" 529
"../../../../../../Users/El fideo rubio/Documents/Unreal Projects/ThePassage/Content/Art/Characters/Enviroment/Folliage_9.uasset" 530
"../../../../../../Users/El fideo rubio/Documents/Unreal Projects/ThePassage/Content/Art/Characters/M_Fireflys.uasset" 531
"../../../../../../Users/El fideo rubio/Documents/Unreal Projects/ThePassage/Content/Art/Characters/P_Fireflys.uasset" 532
"../../../../../../Users/El fideo rubio/Documents/Unreal Projects/ThePassage/Content/Art/Environment/Meshes/Rib_cage.uasset" 533
"../../../../../../Users/El fideo rubio/Documents/Unreal Projects/ThePassage/Content/Art/Environment/Meshes/Rocks_Rocks_rock_1.uasset" 534
"../../../../../../Users/El fideo rubio/Documents/Unreal Projects/ThePassage/Content/Art/Environment/Meshes/Rocks_Rocks_rock_3.uasset" 535
"../../../../../../Users/El fideo rubio/Documents/Unreal Projects/ThePassage/Content/Audio/Score/TP_InGameMusic1_LOOPED_v1_2.uasset" 536
"../../../../../../Users/El fideo rubio/Documents/Unreal Projects/ThePassage/Content/Audio/SFX/NewWaterAmbiance.uasset" 537
"../../../../../../Users/El fideo rubio/Documents/Unreal Projects/ThePassage/Content/Core/Characters/Boat/BoatPhysicsMaterial/SecondPlane.uasset" 538
"../../../../../../Users/El fideo rubio/Documents/Unreal Projects/ThePassage/Content/Maps/Level_1.umap" 539
"../../../../../../Users/El fideo rubio/Documents/Unreal Projects/ThePassage/Content/UI/BP_Menu.uasset" 540
"../../../../../../Users/El fideo rubio/Documents/Unreal Projects/ThePassage/Content/Maps/MainMenu_BuiltData.uasset" 541
"../../../../../../Users/El fideo rubio/Documents/Unreal Projects/ThePassage/Content/UI/UI_Elements/blueGlow.uasset" 542
"../../../../../../Users/El fideo rubio/Documents/Unreal Projects/ThePassage/Content/UI/WD_MainMenu.uasset" 543
"../../../../../../Users/El fideo rubio/Documents/Unreal Projects/ThePassage/Content/Maps/MainMenu.umap" 544
"../../../../../../Users/El fideo rubio/Documents/Unreal Projects/ThePassage/Content/Maps/Shayan_BuiltData.uasset" 545
"../../../../../../Users/El fideo rubio/Documents/Unreal Projects/ThePassage/Content/Art/Environment/Placeholder/Shape_Cube.uasset" 546
"../../../../../../Users/El fideo rubio/Documents/Unreal Projects/ThePassage/Content/Maps/Shayan.umap" 547
"../../../Engine/Content/Maps/Entry_BuiltData.uasset" 548
"../../../Engine/Content/Maps/Entry.umap" 549
